Detecting C OpenMP failed with the following output:
Change Dir: /Users/jincao/Documents/11731-MT/fast_align-master/build/CMakeFiles/CMakeTmp

Run Build Command(s):/usr/bin/make cmTC_40935/fast && /Applications/Xcode.app/Contents/Developer/usr/bin/make -f CMakeFiles/cmTC_40935.dir/build.make CMakeFiles/cmTC_40935.dir/build
Building C object CMakeFiles/cmTC_40935.dir/OpenMPTryFlag.c.o
/Applications/Xcode.app/Contents/Developer/Toolchains/XcodeDefault.xctoolchain/usr/bin/cc   -fopenmp=libomp -v -isysroot /Applications/Xcode.app/Contents/Developer/Platforms/MacOSX.platform/Developer/SDKs/MacOSX10.14.sdk   -o CMakeFiles/cmTC_40935.dir/OpenMPTryFlag.c.o   -c /Users/jincao/Documents/11731-MT/fast_align-master/build/CMakeFiles/FindOpenMP/OpenMPTryFlag.c
Apple LLVM version 10.0.1 (clang-1001.0.46.4)
Target: x86_64-apple-darwin18.7.0
Thread model: posix
InstalledDir: /Applications/Xcode.app/Contents/Developer/Toolchains/XcodeDefault.xctoolchain/usr/bin
clang: error: unsupported argument 'libomp' to option 'fopenmp='
make[1]: *** [CMakeFiles/cmTC_40935.dir/OpenMPTryFlag.c.o] Error 1
make: *** [cmTC_40935/fast] Error 2



Detecting C OpenMP failed with the following output:
Change Dir: /Users/jincao/Documents/11731-MT/fast_align-master/build/CMakeFiles/CMakeTmp

Run Build Command(s):/usr/bin/make cmTC_8f2ff/fast && /Applications/Xcode.app/Contents/Developer/usr/bin/make -f CMakeFiles/cmTC_8f2ff.dir/build.make CMakeFiles/cmTC_8f2ff.dir/build
Building C object CMakeFiles/cmTC_8f2ff.dir/OpenMPTryFlag.c.o
/Applications/Xcode.app/Contents/Developer/Toolchains/XcodeDefault.xctoolchain/usr/bin/cc   -fopenmp=libiomp5 -v -isysroot /Applications/Xcode.app/Contents/Developer/Platforms/MacOSX.platform/Developer/SDKs/MacOSX10.14.sdk   -o CMakeFiles/cmTC_8f2ff.dir/OpenMPTryFlag.c.o   -c /Users/jincao/Documents/11731-MT/fast_align-master/build/CMakeFiles/FindOpenMP/OpenMPTryFlag.c
Apple LLVM version 10.0.1 (clang-1001.0.46.4)
Target: x86_64-apple-darwin18.7.0
Thread model: posix
InstalledDir: /Applications/Xcode.app/Contents/Developer/Toolchains/XcodeDefault.xctoolchain/usr/bin
clang: error: unsupported argument 'libiomp5' to option 'fopenmp='
make[1]: *** [CMakeFiles/cmTC_8f2ff.dir/OpenMPTryFlag.c.o] Error 1
make: *** [cmTC_8f2ff/fast] Error 2



Detecting C OpenMP failed with the following output:
Change Dir: /Users/jincao/Documents/11731-MT/fast_align-master/build/CMakeFiles/CMakeTmp

Run Build Command(s):/usr/bin/make cmTC_93387/fast && /Applications/Xcode.app/Contents/Developer/usr/bin/make -f CMakeFiles/cmTC_93387.dir/build.make CMakeFiles/cmTC_93387.dir/build
Building C object CMakeFiles/cmTC_93387.dir/OpenMPTryFlag.c.o
/Applications/Xcode.app/Contents/Developer/Toolchains/XcodeDefault.xctoolchain/usr/bin/cc   -fopenmp -v -isysroot /Applications/Xcode.app/Contents/Developer/Platforms/MacOSX.platform/Developer/SDKs/MacOSX10.14.sdk   -o CMakeFiles/cmTC_93387.dir/OpenMPTryFlag.c.o   -c /Users/jincao/Documents/11731-MT/fast_align-master/build/CMakeFiles/FindOpenMP/OpenMPTryFlag.c
Apple LLVM version 10.0.1 (clang-1001.0.46.4)
Target: x86_64-apple-darwin18.7.0
Thread model: posix
InstalledDir: /Applications/Xcode.app/Contents/Developer/Toolchains/XcodeDefault.xctoolchain/usr/bin
clang: error: unsupported option '-fopenmp'
make[1]: *** [CMakeFiles/cmTC_93387.dir/OpenMPTryFlag.c.o] Error 1
make: *** [cmTC_93387/fast] Error 2



Detecting CXX OpenMP failed with the following output:
Change Dir: /Users/jincao/Documents/11731-MT/fast_align-master/build/CMakeFiles/CMakeTmp

Run Build Command(s):/usr/bin/make cmTC_273c7/fast && /Applications/Xcode.app/Contents/Developer/usr/bin/make -f CMakeFiles/cmTC_273c7.dir/build.make CMakeFiles/cmTC_273c7.dir/build
Building CXX object CMakeFiles/cmTC_273c7.dir/OpenMPTryFlag.cpp.o
/Applications/Xcode.app/Contents/Developer/Toolchains/XcodeDefault.xctoolchain/usr/bin/c++    -Wall -std=c++11 -O3 -g -fopenmp=libomp -v -isysroot /Applications/Xcode.app/Contents/Developer/Platforms/MacOSX.platform/Developer/SDKs/MacOSX10.14.sdk   -o CMakeFiles/cmTC_273c7.dir/OpenMPTryFlag.cpp.o -c /Users/jincao/Documents/11731-MT/fast_align-master/build/CMakeFiles/FindOpenMP/OpenMPTryFlag.cpp
Apple LLVM version 10.0.1 (clang-1001.0.46.4)
Target: x86_64-apple-darwin18.7.0
Thread model: posix
InstalledDir: /Applications/Xcode.app/Contents/Developer/Toolchains/XcodeDefault.xctoolchain/usr/bin
clang: error: unsupported argument 'libomp' to option 'fopenmp='
make[1]: *** [CMakeFiles/cmTC_273c7.dir/OpenMPTryFlag.cpp.o] Error 1
make: *** [cmTC_273c7/fast] Error 2



Detecting CXX OpenMP failed with the following output:
Change Dir: /Users/jincao/Documents/11731-MT/fast_align-master/build/CMakeFiles/CMakeTmp

Run Build Command(s):/usr/bin/make cmTC_71d68/fast && /Applications/Xcode.app/Contents/Developer/usr/bin/make -f CMakeFiles/cmTC_71d68.dir/build.make CMakeFiles/cmTC_71d68.dir/build
Building CXX object CMakeFiles/cmTC_71d68.dir/OpenMPTryFlag.cpp.o
/Applications/Xcode.app/Contents/Developer/Toolchains/XcodeDefault.xctoolchain/usr/bin/c++    -Wall -std=c++11 -O3 -g -fopenmp=libiomp5 -v -isysroot /Applications/Xcode.app/Contents/Developer/Platforms/MacOSX.platform/Developer/SDKs/MacOSX10.14.sdk   -o CMakeFiles/cmTC_71d68.dir/OpenMPTryFlag.cpp.o -c /Users/jincao/Documents/11731-MT/fast_align-master/build/CMakeFiles/FindOpenMP/OpenMPTryFlag.cpp
Apple LLVM version 10.0.1 (clang-1001.0.46.4)
Target: x86_64-apple-darwin18.7.0
Thread model: posix
InstalledDir: /Applications/Xcode.app/Contents/Developer/Toolchains/XcodeDefault.xctoolchain/usr/bin
clang: error: unsupported argument 'libiomp5' to option 'fopenmp='
make[1]: *** [CMakeFiles/cmTC_71d68.dir/OpenMPTryFlag.cpp.o] Error 1
make: *** [cmTC_71d68/fast] Error 2



Detecting CXX OpenMP failed with the following output:
Change Dir: /Users/jincao/Documents/11731-MT/fast_align-master/build/CMakeFiles/CMakeTmp

Run Build Command(s):/usr/bin/make cmTC_4aa99/fast && /Applications/Xcode.app/Contents/Developer/usr/bin/make -f CMakeFiles/cmTC_4aa99.dir/build.make CMakeFiles/cmTC_4aa99.dir/build
Building CXX object CMakeFiles/cmTC_4aa99.dir/OpenMPTryFlag.cpp.o
/Applications/Xcode.app/Contents/Developer/Toolchains/XcodeDefault.xctoolchain/usr/bin/c++    -Wall -std=c++11 -O3 -g -fopenmp -v -isysroot /Applications/Xcode.app/Contents/Developer/Platforms/MacOSX.platform/Developer/SDKs/MacOSX10.14.sdk   -o CMakeFiles/cmTC_4aa99.dir/OpenMPTryFlag.cpp.o -c /Users/jincao/Documents/11731-MT/fast_align-master/build/CMakeFiles/FindOpenMP/OpenMPTryFlag.cpp
Apple LLVM version 10.0.1 (clang-1001.0.46.4)
Target: x86_64-apple-darwin18.7.0
Thread model: posix
InstalledDir: /Applications/Xcode.app/Contents/Developer/Toolchains/XcodeDefault.xctoolchain/usr/bin
clang: error: unsupported option '-fopenmp'
make[1]: *** [CMakeFiles/cmTC_4aa99.dir/OpenMPTryFlag.cpp.o] Error 1
make: *** [cmTC_4aa99/fast] Error 2



